<?xml version="1.0" encoding="UTF-8"?>
<!-- Generated by org.testng.reporters.JUnitReportReporter -->
<testsuite hostname="TO-OW-15-PC" name="com.techouts.fanniemae.testcases.UserManagement" tests="1" failures="0" timestamp="17 Jan 2020 11:24:35 GMT" time="76.864" errors="0">
  <testcase name="createManagement" time="76.864" classname="com.techouts.fanniemae.testcases.UserManagement"/>
</testsuite> <!-- com.techouts.fanniemae.testcases.UserManagement -->
