<?xml version="1.0" encoding="UTF-8"?>
<!-- Generated by org.testng.reporters.JUnitReportReporter -->
<testsuite hostname="TO-OW-15-PC" name="com.techouts.fanniemae.testcases.NotificationsAndMail" tests="1" failures="0" timestamp="17 Jan 2020 13:47:34 GMT" time="101.099" errors="0">
  <testcase name="createNotificationsAndEmails" time="101.099" classname="com.techouts.fanniemae.testcases.NotificationsAndMail"/>
</testsuite> <!-- com.techouts.fanniemae.testcases.NotificationsAndMail -->
