<?xml version="1.0" encoding="UTF-8"?>
<!-- Generated by org.testng.reporters.JUnitReportReporter -->
<testsuite hostname="TO-OW-15-PC" name="com.techouts.fanniemae.testcases.BroadCastMessage" tests="1" failures="0" timestamp="11 Jan 2020 06:15:54 GMT" time="103.575" errors="0">
  <testcase name="createBroadCastMessage" time="103.575" classname="com.techouts.fanniemae.testcases.BroadCastMessage"/>
</testsuite> <!-- com.techouts.fanniemae.testcases.BroadCastMessage -->
